<?xml version="1.0" encoding="UTF-8"?>
<!-- Generated by org.testng.reporters.JUnitReportReporter -->
<testsuite skipped="0" hostname="DHIRAJ-MISHRA" name="demo.TestClass" tests="1" failures="0" timestamp="05 Aug 2020 15:13:19 GMT" time="8.518" errors="0">
  <testcase name="test1" time="8.518" classname="demo.TestClass"/>
</testsuite> <!-- demo.TestClass -->
