<?xml version="1.0" encoding="UTF-8"?>
<!-- Generated by org.testng.reporters.JUnitReportReporter -->
<testsuite skipped="0" hostname="DHIRAJ-MISHRA" name="demo.TestClass" tests="1" failures="0" timestamp="07 Aug 2020 14:31:54 GMT" time="8.580" errors="0">
  <testcase name="test1" time="8.580" classname="demo.TestClass"/>
</testsuite> <!-- demo.TestClass -->
